2024-02-11 20:19:33,803 [Worker-4: Loading available Gradle versions] INFO  o.e.b.c.i.u.g.PublishedGradleVersions - Gradle version information cache is up-to-date. Trying to read.
2024-02-11 20:20:23,212 [Worker-31: Building] INFO  o.e.m.c.i.l.LifecycleMappingFactory - Using org.maven.ide.eclipse.wtp.WarLifecycleMapping lifecycle mapping for MavenProject: com.chaitanya:DemoMVC:0.0.1-SNAPSHOT @ C:\Users\chnallam\myjavaproj\DemoMVC\pom.xml.
2024-02-11 20:20:24,967 [Worker-31: Building] WARN  o.a.m.s.f.DefaultMavenResourcesFiltering - Using platform encoding (Cp1252 actually) to copy filtered resources, i.e. build is platform dependent!
2024-02-11 20:20:24,976 [Worker-31: Building] INFO  o.a.m.s.f.DefaultMavenResourcesFiltering - Copying 0 resource from src\main\resources to target\classes
2024-02-11 20:20:24,981 [Worker-31: Building] WARN  o.a.m.s.f.DefaultMavenResourcesFiltering - Using platform encoding (Cp1252 actually) to copy filtered resources, i.e. build is platform dependent!
2024-02-11 20:20:24,983 [Worker-31: Building] INFO  o.a.m.s.f.DefaultMavenResourcesFiltering - Copying 0 resource from src\test\resources to target\test-classes
2024-02-11 20:50:08,837 [Worker-1: Loading available Gradle versions] INFO  o.e.b.c.i.u.g.PublishedGradleVersions - Gradle version information cache is up-to-date. Trying to read.
2024-02-11 20:54:42,790 [Worker-3: Launching mavenrun-d72fe30e-fb07-4056-9508-1e47e27a2614] INFO  o.eclipse.m2e.core.internal.Bundles - getClasspathEntries(Bundle=org.eclipse.m2e.maven.runtime_3.9.500.20231113-2345 [346])
2024-02-11 20:54:42,796 [Worker-3: Launching mavenrun-d72fe30e-fb07-4056-9508-1e47e27a2614] INFO  o.eclipse.m2e.core.internal.Bundles - 	Entry: C:\Users\chnallam\Downloads\sts-4.21.1.RELEASE\plugins\org.eclipse.m2e.maven.runtime_3.9.500.20231113-2345
2024-02-11 20:54:42,797 [Worker-3: Launching mavenrun-d72fe30e-fb07-4056-9508-1e47e27a2614] INFO  o.eclipse.m2e.core.internal.Bundles - 	Entry: C:\Users\chnallam\Downloads\sts-4.21.1.RELEASE\plugins\org.eclipse.m2e.maven.runtime_3.9.500.20231113-2345\jars\aopalliance-1.0.jar
2024-02-11 20:54:42,797 [Worker-3: Launching mavenrun-d72fe30e-fb07-4056-9508-1e47e27a2614] INFO  o.eclipse.m2e.core.internal.Bundles - 	Entry: C:\Users\chnallam\Downloads\sts-4.21.1.RELEASE\plugins\org.eclipse.m2e.maven.runtime_3.9.500.20231113-2345\jars\guice-5.1.0.jar
2024-02-11 20:54:42,797 [Worker-3: Launching mavenrun-d72fe30e-fb07-4056-9508-1e47e27a2614] INFO  o.eclipse.m2e.core.internal.Bundles - 	Entry: C:\Users\chnallam\Downloads\sts-4.21.1.RELEASE\plugins\org.eclipse.m2e.maven.runtime_3.9.500.20231113-2345\jars\httpclient-4.5.14.jar
2024-02-11 20:54:42,798 [Worker-3: Launching mavenrun-d72fe30e-fb07-4056-9508-1e47e27a2614] INFO  o.eclipse.m2e.core.internal.Bundles - 	Entry: C:\Users\chnallam\Downloads\sts-4.21.1.RELEASE\plugins\org.eclipse.m2e.maven.runtime_3.9.500.20231113-2345\jars\httpcore-4.4.16.jar
2024-02-11 20:54:42,798 [Worker-3: Launching mavenrun-d72fe30e-fb07-4056-9508-1e47e27a2614] INFO  o.eclipse.m2e.core.internal.Bundles - 	Entry: C:\Users\chnallam\Downloads\sts-4.21.1.RELEASE\plugins\org.eclipse.m2e.maven.runtime_3.9.500.20231113-2345\jars\jansi-2.4.0.jar
2024-02-11 20:54:42,798 [Worker-3: Launching mavenrun-d72fe30e-fb07-4056-9508-1e47e27a2614] INFO  o.eclipse.m2e.core.internal.Bundles - 	Entry: C:\Users\chnallam\Downloads\sts-4.21.1.RELEASE\plugins\org.eclipse.m2e.maven.runtime_3.9.500.20231113-2345\jars\jcl-over-slf4j-1.7.36.jar
2024-02-11 20:54:42,799 [Worker-3: Launching mavenrun-d72fe30e-fb07-4056-9508-1e47e27a2614] INFO  o.eclipse.m2e.core.internal.Bundles - 	Entry: C:\Users\chnallam\Downloads\sts-4.21.1.RELEASE\plugins\org.eclipse.m2e.maven.runtime_3.9.500.20231113-2345\jars\maven-artifact-3.9.5.jar
2024-02-11 20:54:42,799 [Worker-3: Launching mavenrun-d72fe30e-fb07-4056-9508-1e47e27a2614] INFO  o.eclipse.m2e.core.internal.Bundles - 	Entry: C:\Users\chnallam\Downloads\sts-4.21.1.RELEASE\plugins\org.eclipse.m2e.maven.runtime_3.9.500.20231113-2345\jars\maven-builder-support-3.9.5.jar
2024-02-11 20:54:42,799 [Worker-3: Launching mavenrun-d72fe30e-fb07-4056-9508-1e47e27a2614] INFO  o.eclipse.m2e.core.internal.Bundles - 	Entry: C:\Users\chnallam\Downloads\sts-4.21.1.RELEASE\plugins\org.eclipse.m2e.maven.runtime_3.9.500.20231113-2345\jars\maven-compat-3.9.5.jar
2024-02-11 20:54:42,799 [Worker-3: Launching mavenrun-d72fe30e-fb07-4056-9508-1e47e27a2614] INFO  o.eclipse.m2e.core.internal.Bundles - 	Entry: C:\Users\chnallam\Downloads\sts-4.21.1.RELEASE\plugins\org.eclipse.m2e.maven.runtime_3.9.500.20231113-2345\jars\maven-core-3.9.5.jar
2024-02-11 20:54:42,800 [Worker-3: Launching mavenrun-d72fe30e-fb07-4056-9508-1e47e27a2614] INFO  o.eclipse.m2e.core.internal.Bundles - 	Entry: C:\Users\chnallam\Downloads\sts-4.21.1.RELEASE\plugins\org.eclipse.m2e.maven.runtime_3.9.500.20231113-2345\jars\maven-embedder-3.9.5.jar
2024-02-11 20:54:42,800 [Worker-3: Launching mavenrun-d72fe30e-fb07-4056-9508-1e47e27a2614] INFO  o.eclipse.m2e.core.internal.Bundles - 	Entry: C:\Users\chnallam\Downloads\sts-4.21.1.RELEASE\plugins\org.eclipse.m2e.maven.runtime_3.9.500.20231113-2345\jars\maven-model-3.9.5.jar
2024-02-11 20:54:42,800 [Worker-3: Launching mavenrun-d72fe30e-fb07-4056-9508-1e47e27a2614] INFO  o.eclipse.m2e.core.internal.Bundles - 	Entry: C:\Users\chnallam\Downloads\sts-4.21.1.RELEASE\plugins\org.eclipse.m2e.maven.runtime_3.9.500.20231113-2345\jars\maven-model-builder-3.9.5.jar
2024-02-11 20:54:42,800 [Worker-3: Launching mavenrun-d72fe30e-fb07-4056-9508-1e47e27a2614] INFO  o.eclipse.m2e.core.internal.Bundles - 	Entry: C:\Users\chnallam\Downloads\sts-4.21.1.RELEASE\plugins\org.eclipse.m2e.maven.runtime_3.9.500.20231113-2345\jars\maven-plugin-api-3.9.5.jar
2024-02-11 20:54:42,801 [Worker-3: Launching mavenrun-d72fe30e-fb07-4056-9508-1e47e27a2614] INFO  o.eclipse.m2e.core.internal.Bundles - 	Entry: C:\Users\chnallam\Downloads\sts-4.21.1.RELEASE\plugins\org.eclipse.m2e.maven.runtime_3.9.500.20231113-2345\jars\maven-repository-metadata-3.9.5.jar
2024-02-11 20:54:42,801 [Worker-3: Launching mavenrun-d72fe30e-fb07-4056-9508-1e47e27a2614] INFO  o.eclipse.m2e.core.internal.Bundles - 	Entry: C:\Users\chnallam\Downloads\sts-4.21.1.RELEASE\plugins\org.eclipse.m2e.maven.runtime_3.9.500.20231113-2345\jars\maven-resolver-api-1.9.16.jar
2024-02-11 20:54:42,801 [Worker-3: Launching mavenrun-d72fe30e-fb07-4056-9508-1e47e27a2614] INFO  o.eclipse.m2e.core.internal.Bundles - 	Entry: C:\Users\chnallam\Downloads\sts-4.21.1.RELEASE\plugins\org.eclipse.m2e.maven.runtime_3.9.500.20231113-2345\jars\maven-resolver-connector-basic-1.9.16.jar
2024-02-11 20:54:42,801 [Worker-3: Launching mavenrun-d72fe30e-fb07-4056-9508-1e47e27a2614] INFO  o.eclipse.m2e.core.internal.Bundles - 	Entry: C:\Users\chnallam\Downloads\sts-4.21.1.RELEASE\plugins\org.eclipse.m2e.maven.runtime_3.9.500.20231113-2345\jars\maven-resolver-impl-1.9.16.jar
2024-02-11 20:54:42,802 [Worker-3: Launching mavenrun-d72fe30e-fb07-4056-9508-1e47e27a2614] INFO  o.eclipse.m2e.core.internal.Bundles - 	Entry: C:\Users\chnallam\Downloads\sts-4.21.1.RELEASE\plugins\org.eclipse.m2e.maven.runtime_3.9.500.20231113-2345\jars\maven-resolver-named-locks-1.9.16.jar
2024-02-11 20:54:42,802 [Worker-3: Launching mavenrun-d72fe30e-fb07-4056-9508-1e47e27a2614] INFO  o.eclipse.m2e.core.internal.Bundles - 	Entry: C:\Users\chnallam\Downloads\sts-4.21.1.RELEASE\plugins\org.eclipse.m2e.maven.runtime_3.9.500.20231113-2345\jars\maven-resolver-provider-3.9.5.jar
2024-02-11 20:54:42,802 [Worker-3: Launching mavenrun-d72fe30e-fb07-4056-9508-1e47e27a2614] INFO  o.eclipse.m2e.core.internal.Bundles - 	Entry: C:\Users\chnallam\Downloads\sts-4.21.1.RELEASE\plugins\org.eclipse.m2e.maven.runtime_3.9.500.20231113-2345\jars\maven-resolver-spi-1.9.16.jar
2024-02-11 20:54:42,802 [Worker-3: Launching mavenrun-d72fe30e-fb07-4056-9508-1e47e27a2614] INFO  o.eclipse.m2e.core.internal.Bundles - 	Entry: C:\Users\chnallam\Downloads\sts-4.21.1.RELEASE\plugins\org.eclipse.m2e.maven.runtime_3.9.500.20231113-2345\jars\maven-resolver-transport-file-1.9.16.jar
2024-02-11 20:54:42,803 [Worker-3: Launching mavenrun-d72fe30e-fb07-4056-9508-1e47e27a2614] INFO  o.eclipse.m2e.core.internal.Bundles - 	Entry: C:\Users\chnallam\Downloads\sts-4.21.1.RELEASE\plugins\org.eclipse.m2e.maven.runtime_3.9.500.20231113-2345\jars\maven-resolver-transport-http-1.9.16.jar
2024-02-11 20:54:42,803 [Worker-3: Launching mavenrun-d72fe30e-fb07-4056-9508-1e47e27a2614] INFO  o.eclipse.m2e.core.internal.Bundles - 	Entry: C:\Users\chnallam\Downloads\sts-4.21.1.RELEASE\plugins\org.eclipse.m2e.maven.runtime_3.9.500.20231113-2345\jars\maven-resolver-transport-wagon-1.9.16.jar
2024-02-11 20:54:42,803 [Worker-3: Launching mavenrun-d72fe30e-fb07-4056-9508-1e47e27a2614] INFO  o.eclipse.m2e.core.internal.Bundles - 	Entry: C:\Users\chnallam\Downloads\sts-4.21.1.RELEASE\plugins\org.eclipse.m2e.maven.runtime_3.9.500.20231113-2345\jars\maven-resolver-util-1.9.16.jar
2024-02-11 20:54:42,804 [Worker-3: Launching mavenrun-d72fe30e-fb07-4056-9508-1e47e27a2614] INFO  o.eclipse.m2e.core.internal.Bundles - 	Entry: C:\Users\chnallam\Downloads\sts-4.21.1.RELEASE\plugins\org.eclipse.m2e.maven.runtime_3.9.500.20231113-2345\jars\maven-settings-3.9.5.jar
2024-02-11 20:54:42,804 [Worker-3: Launching mavenrun-d72fe30e-fb07-4056-9508-1e47e27a2614] INFO  o.eclipse.m2e.core.internal.Bundles - 	Entry: C:\Users\chnallam\Downloads\sts-4.21.1.RELEASE\plugins\org.eclipse.m2e.maven.runtime_3.9.500.20231113-2345\jars\maven-settings-builder-3.9.5.jar
2024-02-11 20:54:42,804 [Worker-3: Launching mavenrun-d72fe30e-fb07-4056-9508-1e47e27a2614] INFO  o.eclipse.m2e.core.internal.Bundles - 	Entry: C:\Users\chnallam\Downloads\sts-4.21.1.RELEASE\plugins\org.eclipse.m2e.maven.runtime_3.9.500.20231113-2345\jars\maven-shared-utils-3.3.4.jar
2024-02-11 20:54:42,804 [Worker-3: Launching mavenrun-d72fe30e-fb07-4056-9508-1e47e27a2614] INFO  o.eclipse.m2e.core.internal.Bundles - 	Entry: C:\Users\chnallam\Downloads\sts-4.21.1.RELEASE\plugins\org.eclipse.m2e.maven.runtime_3.9.500.20231113-2345\jars\org.eclipse.sisu.inject-0.3.5.jar
2024-02-11 20:54:42,805 [Worker-3: Launching mavenrun-d72fe30e-fb07-4056-9508-1e47e27a2614] INFO  o.eclipse.m2e.core.internal.Bundles - 	Entry: C:\Users\chnallam\Downloads\sts-4.21.1.RELEASE\plugins\org.eclipse.m2e.maven.runtime_3.9.500.20231113-2345\jars\org.eclipse.sisu.plexus-0.3.5.jar
2024-02-11 20:54:42,805 [Worker-3: Launching mavenrun-d72fe30e-fb07-4056-9508-1e47e27a2614] INFO  o.eclipse.m2e.core.internal.Bundles - 	Entry: C:\Users\chnallam\Downloads\sts-4.21.1.RELEASE\plugins\org.eclipse.m2e.maven.runtime_3.9.500.20231113-2345\jars\plexus-build-api-0.0.7.jar
2024-02-11 20:54:42,805 [Worker-3: Launching mavenrun-d72fe30e-fb07-4056-9508-1e47e27a2614] INFO  o.eclipse.m2e.core.internal.Bundles - 	Entry: C:\Users\chnallam\Downloads\sts-4.21.1.RELEASE\plugins\org.eclipse.m2e.maven.runtime_3.9.500.20231113-2345\jars\plexus-cipher-2.0.jar
2024-02-11 20:54:42,805 [Worker-3: Launching mavenrun-d72fe30e-fb07-4056-9508-1e47e27a2614] INFO  o.eclipse.m2e.core.internal.Bundles - 	Entry: C:\Users\chnallam\Downloads\sts-4.21.1.RELEASE\plugins\org.eclipse.m2e.maven.runtime_3.9.500.20231113-2345\jars\plexus-classworlds-2.7.0.jar
2024-02-11 20:54:42,805 [Worker-3: Launching mavenrun-d72fe30e-fb07-4056-9508-1e47e27a2614] INFO  o.eclipse.m2e.core.internal.Bundles - 	Entry: C:\Users\chnallam\Downloads\sts-4.21.1.RELEASE\plugins\org.eclipse.m2e.maven.runtime_3.9.500.20231113-2345\jars\plexus-component-annotations-2.1.0.jar
2024-02-11 20:54:42,806 [Worker-3: Launching mavenrun-d72fe30e-fb07-4056-9508-1e47e27a2614] INFO  o.eclipse.m2e.core.internal.Bundles - 	Entry: C:\Users\chnallam\Downloads\sts-4.21.1.RELEASE\plugins\org.eclipse.m2e.maven.runtime_3.9.500.20231113-2345\jars\plexus-interpolation-1.26.jar
2024-02-11 20:54:42,806 [Worker-3: Launching mavenrun-d72fe30e-fb07-4056-9508-1e47e27a2614] INFO  o.eclipse.m2e.core.internal.Bundles - 	Entry: C:\Users\chnallam\Downloads\sts-4.21.1.RELEASE\plugins\org.eclipse.m2e.maven.runtime_3.9.500.20231113-2345\jars\plexus-sec-dispatcher-2.0.jar
2024-02-11 20:54:42,806 [Worker-3: Launching mavenrun-d72fe30e-fb07-4056-9508-1e47e27a2614] INFO  o.eclipse.m2e.core.internal.Bundles - 	Entry: C:\Users\chnallam\Downloads\sts-4.21.1.RELEASE\plugins\org.eclipse.m2e.maven.runtime_3.9.500.20231113-2345\jars\plexus-utils-3.5.1.jar
2024-02-11 20:54:42,806 [Worker-3: Launching mavenrun-d72fe30e-fb07-4056-9508-1e47e27a2614] INFO  o.eclipse.m2e.core.internal.Bundles - 	Entry: C:\Users\chnallam\Downloads\sts-4.21.1.RELEASE\plugins\org.eclipse.m2e.maven.runtime_3.9.500.20231113-2345\jars\wagon-file-3.5.3.jar
2024-02-11 20:54:42,806 [Worker-3: Launching mavenrun-d72fe30e-fb07-4056-9508-1e47e27a2614] INFO  o.eclipse.m2e.core.internal.Bundles - 	Entry: C:\Users\chnallam\Downloads\sts-4.21.1.RELEASE\plugins\org.eclipse.m2e.maven.runtime_3.9.500.20231113-2345\jars\wagon-http-3.5.3.jar
2024-02-11 20:54:42,807 [Worker-3: Launching mavenrun-d72fe30e-fb07-4056-9508-1e47e27a2614] INFO  o.eclipse.m2e.core.internal.Bundles - 	Entry: C:\Users\chnallam\Downloads\sts-4.21.1.RELEASE\plugins\org.eclipse.m2e.maven.runtime_3.9.500.20231113-2345\jars\wagon-http-shared-3.5.3.jar
2024-02-11 20:54:42,807 [Worker-3: Launching mavenrun-d72fe30e-fb07-4056-9508-1e47e27a2614] INFO  o.eclipse.m2e.core.internal.Bundles - 	Entry: C:\Users\chnallam\Downloads\sts-4.21.1.RELEASE\plugins\org.eclipse.m2e.maven.runtime_3.9.500.20231113-2345\jars\wagon-provider-api-3.5.3.jar
2024-02-11 20:54:42,811 [Worker-3: Launching mavenrun-d72fe30e-fb07-4056-9508-1e47e27a2614] INFO  o.eclipse.m2e.core.internal.Bundles - getClasspathEntries(Bundle=com.google.guava_33.0.0.jre [25])
2024-02-11 20:54:42,813 [Worker-3: Launching mavenrun-d72fe30e-fb07-4056-9508-1e47e27a2614] INFO  o.eclipse.m2e.core.internal.Bundles - 	Entry: C:\Users\chnallam\Downloads\sts-4.21.1.RELEASE\plugins\com.google.guava_33.0.0.jre.jar
2024-02-11 20:54:42,813 [Worker-3: Launching mavenrun-d72fe30e-fb07-4056-9508-1e47e27a2614] INFO  o.eclipse.m2e.core.internal.Bundles - getClasspathEntries(Bundle=slf4j.api_2.0.9 [573])
2024-02-11 20:54:42,813 [Worker-3: Launching mavenrun-d72fe30e-fb07-4056-9508-1e47e27a2614] INFO  o.eclipse.m2e.core.internal.Bundles - 	Entry: C:\Users\chnallam\Downloads\sts-4.21.1.RELEASE\plugins\slf4j.api_2.0.9.jar
2024-02-11 20:54:42,813 [Worker-3: Launching mavenrun-d72fe30e-fb07-4056-9508-1e47e27a2614] INFO  o.eclipse.m2e.core.internal.Bundles - getClasspathEntries(Bundle=jakarta.inject.jakarta.inject-api_1.0.5 [41])
2024-02-11 20:54:42,814 [Worker-3: Launching mavenrun-d72fe30e-fb07-4056-9508-1e47e27a2614] INFO  o.eclipse.m2e.core.internal.Bundles - 	Entry: C:\Users\chnallam\Downloads\sts-4.21.1.RELEASE\plugins\jakarta.inject.jakarta.inject-api_1.0.5.jar
2024-02-11 20:54:42,814 [Worker-3: Launching mavenrun-d72fe30e-fb07-4056-9508-1e47e27a2614] INFO  o.eclipse.m2e.core.internal.Bundles - getClasspathEntries(Bundle=jakarta.annotation-api_1.3.5 [37])
2024-02-11 20:54:42,815 [Worker-3: Launching mavenrun-d72fe30e-fb07-4056-9508-1e47e27a2614] INFO  o.eclipse.m2e.core.internal.Bundles - 	Entry: C:\Users\chnallam\Downloads\sts-4.21.1.RELEASE\plugins\jakarta.annotation-api_1.3.5.jar
2024-02-11 20:54:42,815 [Worker-3: Launching mavenrun-d72fe30e-fb07-4056-9508-1e47e27a2614] INFO  o.eclipse.m2e.core.internal.Bundles - getClasspathEntries(Bundle=org.apache.commons.cli_1.6.0 [71])
2024-02-11 20:54:42,815 [Worker-3: Launching mavenrun-d72fe30e-fb07-4056-9508-1e47e27a2614] INFO  o.eclipse.m2e.core.internal.Bundles - 	Entry: C:\Users\chnallam\Downloads\sts-4.21.1.RELEASE\plugins\org.apache.commons.cli_1.6.0.jar
2024-02-11 20:54:42,815 [Worker-3: Launching mavenrun-d72fe30e-fb07-4056-9508-1e47e27a2614] INFO  o.eclipse.m2e.core.internal.Bundles - getClasspathEntries(Bundle=org.apache.commons.commons-codec_1.16.0 [73])
2024-02-11 20:54:42,816 [Worker-3: Launching mavenrun-d72fe30e-fb07-4056-9508-1e47e27a2614] INFO  o.eclipse.m2e.core.internal.Bundles - 	Entry: C:\Users\chnallam\Downloads\sts-4.21.1.RELEASE\plugins\org.apache.commons.commons-codec_1.16.0.jar
2024-02-11 20:54:42,816 [Worker-3: Launching mavenrun-d72fe30e-fb07-4056-9508-1e47e27a2614] INFO  o.eclipse.m2e.core.internal.Bundles - getClasspathEntries(Bundle=org.apache.commons.lang3_3.13.0 [77])
2024-02-11 20:54:42,816 [Worker-3: Launching mavenrun-d72fe30e-fb07-4056-9508-1e47e27a2614] INFO  o.eclipse.m2e.core.internal.Bundles - 	Entry: C:\Users\chnallam\Downloads\sts-4.21.1.RELEASE\plugins\org.apache.commons.lang3_3.13.0.jar
2024-02-11 20:54:42,816 [Worker-3: Launching mavenrun-d72fe30e-fb07-4056-9508-1e47e27a2614] INFO  o.eclipse.m2e.core.internal.Bundles - getClasspathEntries(Bundle=com.google.guava.failureaccess_1.0.2 [27])
2024-02-11 20:54:42,817 [Worker-3: Launching mavenrun-d72fe30e-fb07-4056-9508-1e47e27a2614] INFO  o.eclipse.m2e.core.internal.Bundles - 	Entry: C:\Users\chnallam\Downloads\sts-4.21.1.RELEASE\plugins\com.google.guava.failureaccess_1.0.2.jar
2024-02-11 20:54:42,829 [Worker-3: Launching mavenrun-d72fe30e-fb07-4056-9508-1e47e27a2614] INFO  o.e.m.i.launch.MavenLaunchDelegate - Run build in "C:\Users\chnallam\AppData\Local\Temp\m2e-archetypeGenerator17253004699125474324":
2024-02-11 20:54:42,841 [Worker-3: Launching mavenrun-d72fe30e-fb07-4056-9508-1e47e27a2614] INFO  o.e.m.i.launch.MavenLaunchDelegate -  mvn  -DarchetypeGroupId=org.apache.maven.archetypes -DarchetypeArtifactId=maven-archetype-quickstart -DarchetypeVersion=1.1 -DgroupId=com.chaitanya -DartifactId=demoproj -Dversion=0.0.1-SNAPSHOT -Dpackage=com.chaitanya.demoproj -DoutputDirectory=C:\Users\chnallam\myjavaproj -Dstyle.color=always -U archetype:generate
2024-02-11 20:54:58,081 [Worker-15: Creating maven-archetype-quickstart] INFO  o.e.m.c.i.p.ProjectConfigurationManager - Collecting project info '/pom.xml' C:\Users\chnallam\myjavaproj\demoproj\pom.xml
2024-02-11 20:54:58,723 [Worker-15: Creating maven-archetype-quickstart] INFO  o.e.m.c.i.l.LifecycleMappingFactory - Using org.eclipse.m2e.jdt.JarLifecycleMapping lifecycle mapping for MavenProject: com.chaitanya:demoproj:0.0.1-SNAPSHOT @ C:\Users\chnallam\myjavaproj\demoproj\pom.xml.
2024-02-11 20:54:59,737 [Worker-15: Creating maven-archetype-quickstart] INFO  o.e.m.j.i.AbstractJavaProjectConfigurator - Adding source folder /demoproj/src/main/java
2024-02-11 20:54:59,738 [Worker-15: Creating maven-archetype-quickstart] INFO  o.e.m.j.i.AbstractJavaProjectConfigurator - Adding resource folder /demoproj/src/main/resources
2024-02-11 20:54:59,747 [Worker-15: Creating maven-archetype-quickstart] INFO  o.e.m.j.i.AbstractJavaProjectConfigurator - Adding source folder /demoproj/src/test/java
2024-02-11 20:54:59,748 [Worker-15: Creating maven-archetype-quickstart] INFO  o.e.m.j.i.AbstractJavaProjectConfigurator - Adding resource folder /demoproj/src/test/resources
2024-02-11 20:54:59,998 [Worker-15: Creating maven-archetype-quickstart] INFO  o.e.m.c.i.p.ProjectConfigurationManager - Imported and configured 1 project(s) in 1 sec
2024-02-11 20:55:01,656 [Worker-15: Building] INFO  o.a.m.s.f.DefaultMavenResourcesFiltering - skip non existing resourceDirectory C:\Users\chnallam\myjavaproj\demoproj\src\main\resources
2024-02-11 20:55:01,666 [Worker-15: Building] INFO  o.a.m.s.f.DefaultMavenResourcesFiltering - skip non existing resourceDirectory C:\Users\chnallam\myjavaproj\demoproj\src\test\resources
2024-02-12 09:30:40,116 [Worker-22: Building] INFO  o.e.m.c.i.l.LifecycleMappingFactory - Using org.eclipse.m2e.jdt.JarLifecycleMapping lifecycle mapping for MavenProject: com.chaitanya:demoproj:0.0.1-SNAPSHOT @ C:\Users\chnallam\myjavaproj\demoproj\pom.xml.
2024-02-12 09:30:40,275 [Worker-22: Building] INFO  o.a.m.s.f.DefaultMavenResourcesFiltering - skip non existing resourceDirectory C:\Users\chnallam\myjavaproj\demoproj\src\main\resources
2024-02-12 09:30:40,278 [Worker-22: Building] INFO  o.a.m.s.f.DefaultMavenResourcesFiltering - skip non existing resourceDirectory C:\Users\chnallam\myjavaproj\demoproj\src\test\resources
2024-09-16 17:42:59,673 [Worker-0: Loading available Gradle versions] INFO  o.e.b.c.i.u.g.PublishedGradleVersions - Gradle version information cache is up-to-date. Trying to read.
2024-10-04 16:27:02,238 [Worker-2: Loading available Gradle versions] INFO  o.e.b.c.i.u.g.PublishedGradleVersions - Gradle version information cache is up-to-date. Trying to read.
2024-10-07 13:10:51,221 [Worker-4: Loading available Gradle versions] INFO  o.e.b.c.i.u.g.PublishedGradleVersions - Gradle version information cache is out-of-date. Trying to update.
2024-10-07 16:33:44,794 [Worker-4: Loading available Gradle versions] INFO  o.e.b.c.i.u.g.PublishedGradleVersions - Gradle version information cache is up-to-date. Trying to read.
2024-10-09 11:46:51,080 [Worker-4: Loading available Gradle versions] INFO  o.e.b.c.i.u.g.PublishedGradleVersions - Gradle version information cache is out-of-date. Trying to update.
2024-10-09 12:12:16,267 [Worker-6: Loading available Gradle versions] INFO  o.e.b.c.i.u.g.PublishedGradleVersions - Gradle version information cache is up-to-date. Trying to read.
2024-10-09 12:14:09,710 [Worker-15: Building] INFO  o.e.m.c.i.l.LifecycleMappingFactory - Using org.eclipse.m2e.jdt.JarLifecycleMapping lifecycle mapping for MavenProject: com.chaitanya:SpringAnno:0.0.1-SNAPSHOT @ C:\Users\chnallam\myjavaproj\SpringAnno\pom.xml.
2024-10-09 12:14:10,542 [Worker-15: Building] INFO  o.a.m.s.f.DefaultMavenResourcesFiltering - skip non existing resourceDirectory C:\Users\chnallam\myjavaproj\SpringAnno\src\main\resources
2024-10-09 12:14:10,547 [Worker-15: Building] INFO  o.a.m.s.f.DefaultMavenResourcesFiltering - skip non existing resourceDirectory C:\Users\chnallam\myjavaproj\SpringAnno\src\test\resources
2024-10-09 12:14:10,717 [Worker-36: Updating Maven Dependencies] INFO  o.e.m.c.i.l.LifecycleMappingFactory - Using org.eclipse.m2e.jdt.JarLifecycleMapping lifecycle mapping for MavenProject: com.chaitanya:SpringAnno:0.0.1-SNAPSHOT @ C:\Users\chnallam\myjavaproj\SpringAnno\pom.xml.
2024-10-09 12:14:11,231 [Worker-15: Building] INFO  o.a.m.s.f.DefaultMavenResourcesFiltering - skip non existing resourceDirectory C:\Users\chnallam\myjavaproj\demoproj\src\main\resources
2024-10-09 12:14:11,234 [Worker-15: Building] INFO  o.a.m.s.f.DefaultMavenResourcesFiltering - skip non existing resourceDirectory C:\Users\chnallam\myjavaproj\demoproj\src\test\resources
2024-10-14 22:48:22,385 [Worker-2: Loading available Gradle versions] INFO  o.e.b.c.i.u.g.PublishedGradleVersions - Gradle version information cache is up-to-date. Trying to read.
2024-10-14 22:52:30,178 [Worker-17: Building] INFO  o.a.m.s.f.DefaultMavenResourcesFiltering - skip non existing resourceDirectory C:\Users\chnallam\myjavaproj\demoproj\src\main\resources
2024-10-14 22:52:30,188 [Worker-17: Building] INFO  o.a.m.s.f.DefaultMavenResourcesFiltering - skip non existing resourceDirectory C:\Users\chnallam\myjavaproj\demoproj\src\test\resources
2024-10-14 22:56:05,641 [Worker-0: Building] INFO  o.a.m.s.f.DefaultMavenResourcesFiltering - skip non existing resourceDirectory C:\Users\chnallam\myjavaproj\demoproj\src\main\resources
2024-10-14 22:56:05,650 [Worker-0: Building] INFO  o.a.m.s.f.DefaultMavenResourcesFiltering - skip non existing resourceDirectory C:\Users\chnallam\myjavaproj\demoproj\src\test\resources
2024-10-14 22:56:24,752 [Worker-17: Building] INFO  o.a.m.s.f.DefaultMavenResourcesFiltering - skip non existing resourceDirectory C:\Users\chnallam\myjavaproj\demoproj\src\main\resources
2024-10-14 22:56:24,758 [Worker-17: Building] INFO  o.a.m.s.f.DefaultMavenResourcesFiltering - skip non existing resourceDirectory C:\Users\chnallam\myjavaproj\demoproj\src\test\resources
2024-10-14 22:56:40,732 [Worker-13: Building] INFO  o.a.m.s.f.DefaultMavenResourcesFiltering - skip non existing resourceDirectory C:\Users\chnallam\myjavaproj\demoproj\src\main\resources
2024-10-14 22:56:40,735 [Worker-13: Building] INFO  o.a.m.s.f.DefaultMavenResourcesFiltering - skip non existing resourceDirectory C:\Users\chnallam\myjavaproj\demoproj\src\test\resources
2024-10-14 22:57:14,463 [Worker-17: Building] INFO  o.a.m.s.f.DefaultMavenResourcesFiltering - skip non existing resourceDirectory C:\Users\chnallam\myjavaproj\demoproj\src\main\resources
2024-10-14 22:57:14,468 [Worker-17: Building] INFO  o.a.m.s.f.DefaultMavenResourcesFiltering - skip non existing resourceDirectory C:\Users\chnallam\myjavaproj\demoproj\src\test\resources
2024-10-14 22:57:27,980 [Worker-3: Building] INFO  o.a.m.s.f.DefaultMavenResourcesFiltering - skip non existing resourceDirectory C:\Users\chnallam\myjavaproj\demoproj\src\main\resources
2024-10-14 22:57:27,983 [Worker-3: Building] INFO  o.a.m.s.f.DefaultMavenResourcesFiltering - skip non existing resourceDirectory C:\Users\chnallam\myjavaproj\demoproj\src\test\resources
2024-10-14 22:57:41,607 [Worker-11: Building] INFO  o.a.m.s.f.DefaultMavenResourcesFiltering - skip non existing resourceDirectory C:\Users\chnallam\myjavaproj\demoproj\src\main\resources
2024-10-14 22:57:41,611 [Worker-11: Building] INFO  o.a.m.s.f.DefaultMavenResourcesFiltering - skip non existing resourceDirectory C:\Users\chnallam\myjavaproj\demoproj\src\test\resources
2024-10-14 22:59:00,918 [Worker-4: Building] INFO  o.a.m.s.f.DefaultMavenResourcesFiltering - skip non existing resourceDirectory C:\Users\chnallam\myjavaproj\demoproj\src\main\resources
2024-10-14 22:59:00,923 [Worker-4: Building] INFO  o.a.m.s.f.DefaultMavenResourcesFiltering - skip non existing resourceDirectory C:\Users\chnallam\myjavaproj\demoproj\src\test\resources
2024-10-14 23:01:57,655 [Worker-41: Building] INFO  o.a.m.s.f.DefaultMavenResourcesFiltering - skip non existing resourceDirectory C:\Users\chnallam\myjavaproj\demoproj\src\main\resources
2024-10-14 23:01:57,657 [Worker-41: Building] INFO  o.a.m.s.f.DefaultMavenResourcesFiltering - skip non existing resourceDirectory C:\Users\chnallam\myjavaproj\demoproj\src\test\resources
2024-10-14 23:02:43,161 [Worker-41: Building] INFO  o.a.m.s.f.DefaultMavenResourcesFiltering - skip non existing resourceDirectory C:\Users\chnallam\myjavaproj\demoproj\src\main\resources
2024-10-14 23:02:43,166 [Worker-41: Building] INFO  o.a.m.s.f.DefaultMavenResourcesFiltering - skip non existing resourceDirectory C:\Users\chnallam\myjavaproj\demoproj\src\test\resources
2024-10-14 23:03:02,683 [Worker-42: Building] INFO  o.a.m.s.f.DefaultMavenResourcesFiltering - skip non existing resourceDirectory C:\Users\chnallam\myjavaproj\demoproj\src\main\resources
2024-10-14 23:03:02,686 [Worker-42: Building] INFO  o.a.m.s.f.DefaultMavenResourcesFiltering - skip non existing resourceDirectory C:\Users\chnallam\myjavaproj\demoproj\src\test\resources
2024-10-14 23:03:07,401 [Worker-35: Building] INFO  o.a.m.s.f.DefaultMavenResourcesFiltering - skip non existing resourceDirectory C:\Users\chnallam\myjavaproj\demoproj\src\main\resources
2024-10-14 23:03:07,405 [Worker-35: Building] INFO  o.a.m.s.f.DefaultMavenResourcesFiltering - skip non existing resourceDirectory C:\Users\chnallam\myjavaproj\demoproj\src\test\resources
2024-10-14 23:03:31,000 [Worker-41: Building] INFO  o.a.m.s.f.DefaultMavenResourcesFiltering - skip non existing resourceDirectory C:\Users\chnallam\myjavaproj\demoproj\src\main\resources
2024-10-14 23:03:31,003 [Worker-41: Building] INFO  o.a.m.s.f.DefaultMavenResourcesFiltering - skip non existing resourceDirectory C:\Users\chnallam\myjavaproj\demoproj\src\test\resources
2024-10-14 23:03:49,700 [Worker-0: Building] INFO  o.a.m.s.f.DefaultMavenResourcesFiltering - skip non existing resourceDirectory C:\Users\chnallam\myjavaproj\demoproj\src\main\resources
2024-10-14 23:03:49,704 [Worker-0: Building] INFO  o.a.m.s.f.DefaultMavenResourcesFiltering - skip non existing resourceDirectory C:\Users\chnallam\myjavaproj\demoproj\src\test\resources
2024-10-14 23:05:31,456 [Worker-42: Building] INFO  o.a.m.s.f.DefaultMavenResourcesFiltering - skip non existing resourceDirectory C:\Users\chnallam\myjavaproj\demoproj\src\main\resources
2024-10-14 23:05:31,461 [Worker-42: Building] INFO  o.a.m.s.f.DefaultMavenResourcesFiltering - skip non existing resourceDirectory C:\Users\chnallam\myjavaproj\demoproj\src\test\resources
2024-10-14 23:06:04,666 [Worker-0: Building] INFO  o.a.m.s.f.DefaultMavenResourcesFiltering - skip non existing resourceDirectory C:\Users\chnallam\myjavaproj\demoproj\src\main\resources
2024-10-14 23:06:04,668 [Worker-0: Building] INFO  o.a.m.s.f.DefaultMavenResourcesFiltering - skip non existing resourceDirectory C:\Users\chnallam\myjavaproj\demoproj\src\test\resources
2024-10-14 23:06:21,816 [Worker-0: Building] INFO  o.a.m.s.f.DefaultMavenResourcesFiltering - skip non existing resourceDirectory C:\Users\chnallam\myjavaproj\demoproj\src\main\resources
2024-10-14 23:06:21,820 [Worker-0: Building] INFO  o.a.m.s.f.DefaultMavenResourcesFiltering - skip non existing resourceDirectory C:\Users\chnallam\myjavaproj\demoproj\src\test\resources
2024-10-14 23:06:49,453 [Worker-0: Building] INFO  o.a.m.s.f.DefaultMavenResourcesFiltering - skip non existing resourceDirectory C:\Users\chnallam\myjavaproj\demoproj\src\main\resources
2024-10-14 23:06:49,457 [Worker-0: Building] INFO  o.a.m.s.f.DefaultMavenResourcesFiltering - skip non existing resourceDirectory C:\Users\chnallam\myjavaproj\demoproj\src\test\resources
2024-10-14 23:07:05,427 [Worker-41: Building] INFO  o.a.m.s.f.DefaultMavenResourcesFiltering - skip non existing resourceDirectory C:\Users\chnallam\myjavaproj\demoproj\src\main\resources
2024-10-14 23:07:05,429 [Worker-41: Building] INFO  o.a.m.s.f.DefaultMavenResourcesFiltering - skip non existing resourceDirectory C:\Users\chnallam\myjavaproj\demoproj\src\test\resources
2024-10-14 23:07:43,284 [Worker-41: Building] INFO  o.a.m.s.f.DefaultMavenResourcesFiltering - skip non existing resourceDirectory C:\Users\chnallam\myjavaproj\demoproj\src\main\resources
2024-10-14 23:07:43,287 [Worker-41: Building] INFO  o.a.m.s.f.DefaultMavenResourcesFiltering - skip non existing resourceDirectory C:\Users\chnallam\myjavaproj\demoproj\src\test\resources
2024-10-14 23:07:49,910 [Worker-43: Building] INFO  o.a.m.s.f.DefaultMavenResourcesFiltering - skip non existing resourceDirectory C:\Users\chnallam\myjavaproj\demoproj\src\main\resources
2024-10-14 23:07:49,914 [Worker-43: Building] INFO  o.a.m.s.f.DefaultMavenResourcesFiltering - skip non existing resourceDirectory C:\Users\chnallam\myjavaproj\demoproj\src\test\resources
2024-10-14 23:07:56,278 [Worker-41: Building] INFO  o.a.m.s.f.DefaultMavenResourcesFiltering - skip non existing resourceDirectory C:\Users\chnallam\myjavaproj\demoproj\src\main\resources
2024-10-14 23:07:56,281 [Worker-41: Building] INFO  o.a.m.s.f.DefaultMavenResourcesFiltering - skip non existing resourceDirectory C:\Users\chnallam\myjavaproj\demoproj\src\test\resources
2024-10-18 10:10:59,940 [Worker-6: Loading available Gradle versions] INFO  o.e.b.c.i.u.g.PublishedGradleVersions - Gradle version information cache is up-to-date. Trying to read.
2024-10-18 16:55:25,943 [Worker-6: Loading available Gradle versions] INFO  o.e.b.c.i.u.g.PublishedGradleVersions - Gradle version information cache is up-to-date. Trying to read.
2024-10-18 16:55:49,514 [Worker-30: Building] INFO  o.a.m.s.f.DefaultMavenResourcesFiltering - skip non existing resourceDirectory C:\Users\chnallam\myjavaproj\SpringAnno\src\main\resources
2024-10-18 16:55:49,520 [Worker-30: Building] INFO  o.a.m.s.f.DefaultMavenResourcesFiltering - skip non existing resourceDirectory C:\Users\chnallam\myjavaproj\SpringAnno\src\test\resources
2024-10-18 16:55:50,085 [Worker-25: Building] INFO  o.a.m.s.f.DefaultMavenResourcesFiltering - skip non existing resourceDirectory C:\Users\chnallam\myjavaproj\demoproj\src\main\resources
2024-10-18 16:55:50,088 [Worker-25: Building] INFO  o.a.m.s.f.DefaultMavenResourcesFiltering - skip non existing resourceDirectory C:\Users\chnallam\myjavaproj\demoproj\src\test\resources
2024-10-21 17:44:44,013 [Worker-1: Loading available Gradle versions] INFO  o.e.b.c.i.u.g.PublishedGradleVersions - Gradle version information cache is out-of-date. Trying to update.
2024-11-01 10:43:01,761 [Worker-4: Loading available Gradle versions] INFO  o.e.b.c.i.u.g.PublishedGradleVersions - Gradle version information cache is out-of-date. Trying to update.
2024-11-01 10:43:09,770 [Worker-11: Deferred Early Start] INFO  o.a.h.c.h.i.c.HttpRequestRetryExec - Recoverable I/O exception (java.net.SocketException) caught when processing request to {s}->https://www.eclipse.org:443
2024-11-05 10:11:36,100 [Worker-9: Loading available Gradle versions] INFO  o.e.b.c.i.u.g.PublishedGradleVersions - Gradle version information cache is out-of-date. Trying to update.
2024-11-05 10:12:47,351 [Worker-16: Building] INFO  o.a.m.s.f.DefaultMavenResourcesFiltering - skip non existing resourceDirectory C:\Users\chnallam\myjavaproj\SpringAnno\src\main\resources
2024-11-05 10:12:47,369 [Worker-16: Building] INFO  o.a.m.s.f.DefaultMavenResourcesFiltering - skip non existing resourceDirectory C:\Users\chnallam\myjavaproj\SpringAnno\src\test\resources
2024-11-05 10:12:48,796 [Worker-8: Building] INFO  o.a.m.s.f.DefaultMavenResourcesFiltering - skip non existing resourceDirectory C:\Users\chnallam\myjavaproj\demoproj\src\main\resources
2024-11-05 10:12:48,802 [Worker-8: Building] INFO  o.a.m.s.f.DefaultMavenResourcesFiltering - skip non existing resourceDirectory C:\Users\chnallam\myjavaproj\demoproj\src\test\resources
2024-11-05 14:35:24,246 [Worker-9: Loading available Gradle versions] INFO  o.e.b.c.i.u.g.PublishedGradleVersions - Gradle version information cache is up-to-date. Trying to read.
2024-11-05 14:35:33,851 [Worker-1: Deferred Early Start] INFO  o.a.h.c.h.i.c.HttpRequestRetryExec - Recoverable I/O exception (java.net.SocketException) caught when processing request to {s}->https://www.eclipse.org:443
2024-11-21 08:49:03,075 [Worker-4: Loading available Gradle versions] INFO  o.e.b.c.i.u.g.PublishedGradleVersions - Gradle version information cache is out-of-date. Trying to update.
2024-11-21 08:50:30,759 [Worker-0: Building] INFO  o.a.m.s.f.DefaultMavenResourcesFiltering - skip non existing resourceDirectory C:\Users\chnallam\myjavaproj\SpringAnno\src\main\resources
2024-11-21 08:50:30,771 [Worker-0: Building] INFO  o.a.m.s.f.DefaultMavenResourcesFiltering - skip non existing resourceDirectory C:\Users\chnallam\myjavaproj\SpringAnno\src\test\resources
2024-11-21 08:50:31,739 [Worker-32: Building] INFO  o.a.m.s.f.DefaultMavenResourcesFiltering - skip non existing resourceDirectory C:\Users\chnallam\myjavaproj\demoproj\src\main\resources
2024-11-21 08:50:31,744 [Worker-32: Building] INFO  o.a.m.s.f.DefaultMavenResourcesFiltering - skip non existing resourceDirectory C:\Users\chnallam\myjavaproj\demoproj\src\test\resources
2024-11-21 10:29:37,237 [Worker-1: Loading available Gradle versions] INFO  o.e.b.c.i.u.g.PublishedGradleVersions - Gradle version information cache is up-to-date. Trying to read.
2024-11-21 11:20:24,315 [Worker-7: Loading available Gradle versions] INFO  o.e.b.c.i.u.g.PublishedGradleVersions - Gradle version information cache is up-to-date. Trying to read.
2024-12-06 22:48:10,844 [Worker-1: Loading available Gradle versions] INFO  o.e.b.c.i.u.g.PublishedGradleVersions - Gradle version information cache is up-to-date. Trying to read.
2024-12-06 22:49:18,909 [Worker-37: Building] INFO  o.a.m.s.f.DefaultMavenResourcesFiltering - skip non existing resourceDirectory C:\Users\chnallam\myjavaproj\SpringAnno\src\main\resources
2024-12-06 22:49:18,920 [Worker-37: Building] INFO  o.a.m.s.f.DefaultMavenResourcesFiltering - skip non existing resourceDirectory C:\Users\chnallam\myjavaproj\SpringAnno\src\test\resources
2024-12-06 22:49:19,984 [Worker-7: Building] INFO  o.a.m.s.f.DefaultMavenResourcesFiltering - skip non existing resourceDirectory C:\Users\chnallam\myjavaproj\demoproj\src\main\resources
2024-12-06 22:49:19,990 [Worker-7: Building] INFO  o.a.m.s.f.DefaultMavenResourcesFiltering - skip non existing resourceDirectory C:\Users\chnallam\myjavaproj\demoproj\src\test\resources
2024-12-07 00:19:05,713 [Worker-4: Loading available Gradle versions] INFO  o.e.b.c.i.u.g.PublishedGradleVersions - Gradle version information cache is up-to-date. Trying to read.
2024-12-11 14:31:02,974 [Worker-9: Loading available Gradle versions] INFO  o.e.b.c.i.u.g.PublishedGradleVersions - Gradle version information cache is out-of-date. Trying to update.
2024-12-30 10:24:59,308 [Worker-2: Loading available Gradle versions] INFO  o.e.b.c.i.u.g.PublishedGradleVersions - Gradle version information cache is out-of-date. Trying to update.
